2022/02/16 20:24:25 MICROSOFT SOFTWARE LICENSE TERMS
MICROSOFT Azure Arc Enabled Data Services
This software is licensed to you as part of your or your company's subscription
license for Microsoft Azure Services. You may only use the software with
Microsoft Azure Services and subject to the terms and conditions of the
agreement under which you obtained Microsoft Azure Services. If you do not have
an active subscription license for Microsoft Azure Services, you may not use the
software.  Microsoft Azure Legal Information:
https://azure.microsoft.com/en-us/support/legal/


2022/02/16 20:24:25 Starting "Kubernetes DNS resolution" with retries
2022/02/16 20:24:25 "Kubernetes DNS resolution" succeeded
2022/02/16 20:24:25 Changed the container umask from '-----w--w-' to '--------w-'
2022/02/16 20:24:25 Creating directories: [/var/opt /var/log /var/run/config /var/run/configmaps /var/run/etc /var/run/secrets/managed /var/run/secrets/managed/credentials /var/run/secrets/managed/certificates /var/run/secrets/managed/keytabs /var/run/secrets/managed/keystores /var/run/secrets/managed/truststores]
2022/02/16 20:24:25 Creating directories: [/var/log/agent /var/opt/agent /var/run/agent]
2022/02/16 20:24:25 Creating directories: [/var/opt/supervisor /var/log/supervisor /var/run/supervisor /var/log/supervisor/log /var/log/fluentbit]
2022/02/16 20:24:25 Searching agent configuration file at /opt/agent/conf/control.json
2022/02/16 20:24:25 Searching agent configuration file at /opt/agent/conf/agent.json
2022/02/16 20:24:25.931070 Agent configuration: {"PodType":"control","ContainerName":"fluentbit","GRPCPort":8311,"HTTPSPort":8411,"ScaledSetKind":"ReplicaSet","securityPolicy":"certificate","dnsServicesToWaitFor":null,"cronJobs":null,"serviceJobs":null,"healthModules":null,"logRotation":{"agentLogMaxSize":500,"agentLogRotateCount":3,"serviceLogRotateCount":10},"fileMap":{"fluentbit-certificate.pem":"/var/run/secrets/managed/certificates/fluentbit/fluentbit-certificate.pem","fluentbit-privatekey.pem":"/var/run/secrets/managed/certificates/fluentbit/fluentbit-privatekey.pem","krb5.conf":"/var/run/etc/krb5.conf","resolv.conf":"/etc/resolv.conf"},"userPermissions":{"fluentbit":{"user":"fluentbit","group":"","mode":"","modeSetgid":false,"forSecretCopy":false,"allowPermissionFailure":false,"directories":[]}},"fileIgnoreList":["resolv.conf","agent-certificate.pem","agent-privatekey.pem"],"InstanceID":"e3TTGWeSBmLU8f27jszz4iME07FgvwSA","ContainerID":"","StartServicesImmediately":false,"DisableFileDownloads":false,"DisableHealthChecks":false,"serviceFencingEnabled":false,"IsConfigurationEnabled":false,"enableGRPCProxy":false,"LWriter":{"filename":"/var/log/agent/agent.log","maxsize":500,"maxage":0,"maxbackups":10,"localtime":true,"compress":false}}
2022/02/16 20:24:26.214052 Agent joining cluster immediately
2022/02/16 20:24:26.214080 Attempting to join cluster...
2022/02/16 20:24:26.214159 [Reaper] Starting the signal loop for reaper
2022/02/16 20:24:26.214249 Waiting for CA certificates...
2022/02/16 20:24:27.214382 Waiting for CA certificates...
2022/02/16 20:24:28.214509 Waiting for CA certificates...
2022/02/16 20:24:29.214634 Waiting for CA certificates...
2022/02/16 20:24:30.214768 Waiting for CA certificates...
2022/02/16 20:24:31.214890 Waiting for CA certificates...
2022/02/16 20:24:32.215010 Waiting for CA certificates...
2022/02/16 20:24:33.215194 Waiting for CA certificates...
2022/02/16 20:24:34.215311 Waiting for CA certificates...
2022/02/16 20:24:35.215444 Waiting for CA certificates...
2022/02/16 20:24:36.215582 Waiting for CA certificates...
2022/02/16 20:24:37.215701 Waiting for CA certificates...
2022/02/16 20:24:38.215833 Waiting for CA certificates...
2022/02/16 20:24:39.215986 Waiting for CA certificates...
2022/02/16 20:24:40.216158 Waiting for CA certificates...
2022/02/16 20:24:41.216324 Waiting for CA certificates...
2022/02/16 20:24:42.216513 Waiting for CA certificates...
2022/02/16 20:24:43.216666 Waiting for CA certificates...
2022/02/16 20:24:44.216844 Waiting for CA certificates...
2022/02/16 20:24:45.217032 Waiting for CA certificates...
2022/02/16 20:24:46.217335 Waiting for CA certificates...
2022/02/16 20:24:47.217576 Waiting for CA certificates...
2022/02/16 20:24:48.217809 Waiting for CA certificates...
2022/02/16 20:24:49.218025 Waiting for CA certificates...
2022/02/16 20:24:50.218237 Waiting for CA certificates...
2022/02/16 20:24:51.218436 Waiting for CA certificates...
2022/02/16 20:24:52.218566 Waiting for CA certificates...
2022/02/16 20:24:53.218688 Waiting for CA certificates...
2022/02/16 20:24:54.218814 Waiting for CA certificates...
2022/02/16 20:24:55.218934 Waiting for CA certificates...
2022/02/16 20:24:56.219120 Waiting for CA certificates...
2022/02/16 20:24:57.219281 Waiting for CA certificates...
2022/02/16 20:24:58.219455 Waiting for CA certificates...
2022/02/16 20:24:59.219671 Waiting for CA certificates...
2022/02/16 20:25:00.219813 Waiting for CA certificates...
2022/02/16 20:25:01.220012 Waiting for CA certificates...
2022/02/16 20:25:02.220220 Waiting for CA certificates...
2022/02/16 20:25:03.220463 Waiting for CA certificates...
2022/02/16 20:25:04.220646 Waiting for CA certificates...
2022/02/16 20:25:05.220821 Waiting for CA certificates...
2022/02/16 20:25:06.220997 Waiting for CA certificates...
2022/02/16 20:25:07.221197 Waiting for CA certificates...
2022/02/16 20:25:08.221411 Waiting for CA certificates...
2022/02/16 20:25:09.221558 Waiting for CA certificates...
2022/02/16 20:25:10.221691 Waiting for CA certificates...
2022/02/16 20:25:11.221914 Waiting for CA certificates...
2022/02/16 20:25:12.222065 Waiting for CA certificates...
2022/02/16 20:25:13.222202 Waiting for CA certificates...
2022/02/16 20:25:14.222495 Waiting for CA certificates...
2022/02/16 20:25:15.222759 Waiting for CA certificates...
2022/02/16 20:25:16.222909 Waiting for CA certificates...
2022/02/16 20:25:17.223057 Waiting for CA certificates...
2022/02/16 20:25:18.223266 Waiting for CA certificates...
2022/02/16 20:25:19.223419 Waiting for CA certificates...
2022/02/16 20:25:20.223563 Waiting for CA certificates...
2022/02/16 20:25:21.223720 Waiting for CA certificates...
2022/02/16 20:25:22.223867 Waiting for CA certificates...
2022/02/16 20:25:23.224011 Waiting for CA certificates...
2022/02/16 20:25:24.224133 Waiting for CA certificates...
2022/02/16 20:25:25.224272 Waiting for CA certificates...
2022/02/16 20:25:26.224398 Waiting for CA certificates...
2022/02/16 20:25:27.224527 Waiting for CA certificates...
2022/02/16 20:25:28.224709 Waiting for CA certificates...
2022/02/16 20:25:29.224908 Waiting for CA certificates...
2022/02/16 20:25:30.225089 Waiting for CA certificates...
2022/02/16 20:25:31.225267 Waiting for CA certificates...
2022/02/16 20:25:32.225515 Waiting for CA certificates...
2022/02/16 20:25:33.225734 Waiting for CA certificates...
2022/02/16 20:25:34.225931 Waiting for CA certificates...
2022/02/16 20:25:35.226140 Waiting for CA certificates...
2022/02/16 20:25:36.226317 Waiting for CA certificates...
2022/02/16 20:25:37.226452 Waiting for CA certificates...
2022/02/16 20:25:38.226650 Waiting for CA certificates...
2022/02/16 20:25:39.226811 Waiting for CA certificates...
2022/02/16 20:25:40.226960 Waiting for CA certificates...
2022/02/16 20:25:41.227146 Waiting for CA certificates...
2022/02/16 20:25:42.227330 Waiting for CA certificates...
2022/02/16 20:25:43.227513 Waiting for CA certificates...
2022/02/16 20:25:44.227637 Waiting for CA certificates...
2022/02/16 20:25:45.227783 Waiting for CA certificates...
2022/02/16 20:25:46.227920 Waiting for CA certificates...
2022/02/16 20:25:47.228053 Waiting for CA certificates...
2022/02/16 20:25:48.228249 Waiting for CA certificates...
2022/02/16 20:25:49.228452 Waiting for CA certificates...
2022/02/16 20:25:50.228575 Waiting for CA certificates...
2022/02/16 20:25:51.228777 Waiting for CA certificates...
2022/02/16 20:25:52.228983 Waiting for CA certificates...
2022/02/16 20:25:53.229186 Waiting for CA certificates...
2022/02/16 20:25:54.229367 Waiting for CA certificates...
2022/02/16 20:25:55.229524 Waiting for CA certificates...
2022/02/16 20:25:56.229658 Waiting for CA certificates...
2022/02/16 20:25:57.229780 Waiting for CA certificates...
2022/02/16 20:25:58.229887 Waiting for CA certificates...
2022/02/16 20:25:59.230043 Waiting for CA certificates...
2022/02/16 20:26:00.230237 Waiting for CA certificates...
2022/02/16 20:26:01.230433 Waiting for CA certificates...
2022/02/16 20:26:02.230635 Waiting for CA certificates...
2022/02/16 20:26:03.230744 Waiting for CA certificates...
2022/02/16 20:26:04.230874 Waiting for CA certificates...
2022/02/16 20:26:05.231002 Waiting for CA certificates...
2022/02/16 20:26:06.231178 Waiting for CA certificates...
2022/02/16 20:26:07.231360 Waiting for CA certificates...
2022/02/16 20:26:08.231539 Waiting for CA certificates...
2022/02/16 20:26:09.231694 Waiting for CA certificates...
2022/02/16 20:26:10.231822 Waiting for CA certificates...
2022/02/16 20:26:11.231961 Waiting for CA certificates...
2022/02/16 20:26:12.232092 Waiting for CA certificates...
2022/02/16 20:26:13.232247 Waiting for CA certificates...
2022/02/16 20:26:14.232384 Waiting for CA certificates...
2022/02/16 20:26:15.232569 Waiting for CA certificates...
2022/02/16 20:26:16.232782 Waiting for CA certificates...
2022/02/16 20:26:17.232983 Waiting for CA certificates...
2022/02/16 20:26:18.233159 Waiting for CA certificates...
2022/02/16 20:26:19.233361 Waiting for CA certificates...
2022/02/16 20:26:20.233622 Waiting for CA certificates...
2022/02/16 20:26:21.233780 Waiting for CA certificates...
2022/02/16 20:26:22.233903 Waiting for CA certificates...
2022/02/16 20:26:23.234219 Waiting for CA certificates...
2022/02/16 20:26:24.234392 Waiting for CA certificates...
2022/02/16 20:26:25.234544 Waiting for CA certificates...
2022/02/16 20:26:26.234718 Waiting for CA certificates...
2022/02/16 20:26:27.234916 Waiting for CA certificates...
2022/02/16 20:26:28.235030 Waiting for CA certificates...
2022/02/16 20:26:29.235213 Waiting for CA certificates...
2022/02/16 20:26:30.235585 Waiting for CA certificates...
2022/02/16 20:26:31.236287 Waiting for CA certificates...
2022/02/16 20:26:32.236464 Waiting for CA certificates...
2022/02/16 20:26:33.236778 Waiting for CA certificates...
2022/02/16 20:26:34.237074 Waiting for CA certificates...
2022/02/16 20:26:35.238343 Waiting for CA certificates...
2022/02/16 20:26:36.238488 Waiting for CA certificates...
2022/02/16 20:26:37.238663 Waiting for CA certificates...
2022/02/16 20:26:38.238830 Waiting for CA certificates...
2022/02/16 20:26:39.238951 Waiting for CA certificates...
2022/02/16 20:26:40.239094 Waiting for CA certificates...
2022/02/16 20:26:41.239232 Waiting for CA certificates...
2022/02/16 20:26:42.239354 Waiting for CA certificates...
2022/02/16 20:26:43.239491 Waiting for CA certificates...
2022/02/16 20:26:44.239625 Waiting for CA certificates...
2022/02/16 20:26:45.239758 Waiting for CA certificates...
2022/02/16 20:26:46.239913 Waiting for CA certificates...
2022/02/16 20:26:47.240047 Waiting for CA certificates...
2022/02/16 20:26:48.240263 Waiting for CA certificates...
2022/02/16 20:26:49.240471 Waiting for CA certificates...
2022/02/16 20:26:50.240659 Waiting for CA certificates...
2022/02/16 20:26:51.240871 Waiting for CA certificates...
2022/02/16 20:26:52.241062 Waiting for CA certificates...
2022/02/16 20:26:53.241236 Waiting for CA certificates...
2022/02/16 20:26:54.241412 Waiting for CA certificates...
2022/02/16 20:26:55.241572 Waiting for CA certificates...
2022/02/16 20:26:56.241678 Waiting for CA certificates...
2022/02/16 20:26:57.241797 Waiting for CA certificates...
2022/02/16 20:26:58.241920 Waiting for CA certificates...
2022/02/16 20:26:59.242046 Waiting for CA certificates...
2022/02/16 20:27:00.242175 Waiting for CA certificates...
2022/02/16 20:27:01.242316 Waiting for CA certificates...
2022/02/16 20:27:02.242466 Waiting for CA certificates...
2022/02/16 20:27:03.242603 Waiting for CA certificates...
2022/02/16 20:27:04.242717 Waiting for CA certificates...
2022/02/16 20:27:05.242838 Waiting for CA certificates...
2022/02/16 20:27:06.243019 Waiting for CA certificates...
2022/02/16 20:27:07.243219 Waiting for CA certificates...
2022/02/16 20:27:08.243431 Waiting for CA certificates...
2022/02/16 20:27:09.243551 Waiting for CA certificates...
2022/02/16 20:27:10.243730 Waiting for CA certificates...
2022/02/16 20:27:11.243912 Waiting for CA certificates...
2022/02/16 20:27:12.244050 Waiting for CA certificates...
2022/02/16 20:27:13.244171 Waiting for CA certificates...
2022/02/16 20:27:14.244332 Waiting for CA certificates...
2022/02/16 20:27:15.244472 Waiting for CA certificates...
2022/02/16 20:27:16.244650 Waiting for CA certificates...
2022/02/16 20:27:17.244835 Waiting for CA certificates...
2022/02/16 20:27:35.013922 WARNING: failed to set environment variables: Failed to parse the json file /var/run/configmaps/cluster/security.json. Unsupported type for the environment variable NETBIOS_DOMAIN: %!s(<nil>)
2022/02/16 20:27:35.014302 Starting gRPC listener on 0.0.0.0:8311
2022/02/16 20:27:35.211456 Cluster join successful.
2022/02/16 20:27:35.211488 Stopping gRPC server on 
2022/02/16 20:27:35.211567 gRPC server ended: http: Server closed
2022/02/16 20:27:36.732487 Configuration version received: 0
2022/02/16 20:27:36.732589 Creating directories: [/var/opt/fluentbit /var/log/fluentbit /var/run/fluentbit /var/run/config/fluentbit /var/run/secrets/managed/credentials/fluentbit /var/run/secrets/managed/certificates/fluentbit /var/run/secrets/managed/keytabs/fluentbit /var/run/secrets/managed/keystores/fluentbit /var/run/secrets/managed/truststores/fluentbit]
2022/02/16 20:27:36.732863 Downloading files
2022/02/16 20:27:36.732930 Getting manifest from controller for version 0...
2022/02/16 20:27:36.750901 Getting manifest from controller...
2022/02/16 20:27:36.774184 Downloading '/config/namespaces/arc/scaledsets/control/containers/fluentbit/files/fluentbit-privatekey.pem' from controller...
2022/02/16 20:27:36.774461 Downloading '/config/namespaces/arc/scaledsets/control/containers/fluentbit/files/fluentbit-certificate.pem' from controller...
2022/02/16 20:27:36.825016 Stored 1215 bytes to /var/run/secrets/managed/certificates/fluentbit/fluentbit-certificate.pem
2022/02/16 20:27:36.826856 Stored 1695 bytes to /var/run/secrets/managed/certificates/fluentbit/fluentbit-privatekey.pem
2022/02/16 20:27:36.826887 Agent is ready.
2022/02/16 20:27:36.826973 Starting supervisord with command: '[supervisord --nodaemon -c /etc/supervisord.conf]'
2022/02/16 20:27:36.827337 Started supervisord with pid=783
2022/02/16 20:27:36.827352 Starting agent services
2022/02/16 20:27:36.827816 Starting gRPC listener on 0.0.0.0:8311
2022/02/16 20:27:36.827869 Starting HTTPS listener on 0.0.0.0:8411
2022/02/16 20:27:37.827923 Retry connect failed at 0 times
2022/02/16 20:27:37.828076 Retry connect failed at 0 times
2022/02/16 20:27:38.828247 Retry connect failed at 1 times
2022/02/16 20:27:38.828251 Retry connect failed at 1 times
2022/02/16 20:27:39.828569 Retry connect failed at 2 times
2022/02/16 20:27:39.828640 [READINESS] Unexpected error when checking service status: Invalid argument: retry times should be larger than 0: 3, Error: Post "http://unix/RPC2": dial unix /var/run/supervisor/supervisor.sock: connect: no such file or directory
2022/02/16 20:27:39.828647 [READINESS] Attempts: 1, Max attempts: 250. Retrying...
2022/02/16 20:27:39.828686 Retry connect failed at 2 times
2022/02/16 20:27:39.828724 Error getting all service names: Invalid argument: retry times should be larger than 0: 3, Error: Post "http://unix/RPC2": dial unix /var/run/supervisor/supervisor.sock: connect: no such file or directory
2022/02/16 20:27:45.832596 Loading go plugin plugins/bdc.so
2022/02/16 20:27:45.832623 Loading go plugin plugins/dusky.so
2022/02/16 20:27:45.832627 Loading go plugin plugins/platform.so
2022/02/16 20:27:45.832634 Starting the health monitoring, number of modules: 3, services: ["fluentbit","agent"]
2022/02/16 20:27:45.832637 Starting the health service
2022/02/16 20:27:45.832641 Starting the health durable store
2022/02/16 20:27:45.832649 Loading existing health properties from /var/opt/agent/health/health-properties-main.gob
2022/02/16 20:27:45.832664 No existing file path for file: /var/opt/agent/health/health-properties-main.gob
2022/02/16 20:27:45.841773 Adding a new plugin plugins/bdc.so 
2022/02/16 20:27:45.914715 Adding a new plugin plugins/dusky.so 
2022/02/16 20:27:46.013239 Adding a new plugin plugins/platform.so 
2022/02/16 20:27:46.013286 Created a health module watcher for service 'fluentbit'
2022/02/16 20:27:46.013297 Starting a new watcher for health module: fluentbit 
2022/02/16 20:27:46.013331 Starting a new watcher for health module: agent 
2022/02/16 20:27:46.013340 Health monitoring started
2022/02/16 20:27:50.830840 [READINESS] Not all supervisord processes are ready. Attempts: 2, Max attempts: 250
2022/02/16 20:27:50.830871 [READINESS] - Found unready service(s): - Name='fluentbit' State='STARTING'
2022/02/16 20:27:57.830109 [MONITOR] Service states: map[fluentbit:RUNNING]
2022/02/16 20:28:01.833329 [READINESS] All services marked as ready.
2022/02/16 20:28:01.833430 [READINESS] Container is now ready.
